<?xml version="1.0" encoding="UTF-8"?>
<testsuites tests="25" failures="0" disabled="0" errors="0" timestamp="2014-08-07T20:58:01" time="0.577" name="AllTests">
  <testsuite name="TestSuite1" tests="4" failures="0" disabled="0" errors="0" time="0">
    <testcase name="shouldPerformOperationFoo1" status="run" time="0" classname="TestSuite1" />
    <testcase name="shouldPerformOperationFoo2" status="run" time="0" classname="TestSuite1" />
    <testcase name="shouldPerformOperationFoo3" status="run" time="0" classname="TestSuite1" />
    <testcase name="shouldPerformOperationFoo4" status="run" time="0" classname="TestSuite1" />
  </testsuite>
  <testsuite name="TestSuite2" tests="18" failures="0" disabled="0" errors="0" time="0">
    <testcase name="shouldPerformOperationFool5" status="run" time="0" classname="TestSuite2" />
    <testcase name="shouldPerformOperationFool6" status="run" time="0" classname="TestSuite2" />
    <testcase name="shouldPerformOperationFool7" status="run" time="0" classname="TestSuite2" />
    <testcase name="shouldPerformOperationFool8" status="run" time="0" classname="TestSuite2" />
    <testcase name="shouldPerformOperationFool9" status="run" time="0" classname="TestSuite2" />
    <testcase name="shouldPerformOperationFool10" status="run" time="0" classname="TestSuite2" />
    <testcase name="shouldPerformOperationFool11" status="run" time="0" classname="TestSuite2" />
    <testcase name="shouldPerformOperationFool12" status="run" time="0" classname="TestSuite2" />
    <testcase name="shouldPerformOperationFool13" status="run" time="0" classname="TestSuite2" />
    <testcase name="shouldPerformOperationFool14" status="run" time="0" classname="TestSuite2" />
    <testcase name="shouldPerformOperationFool15" status="run" time="0" classname="TestSuite2" />
    <testcase name="shouldPerformOperationFool16" status="run" time="0" classname="TestSuite2" />
    <testcase name="shouldPerformOperationFool17" status="run" time="0" classname="TestSuite2" />
    <testcase name="shouldPerformOperationFool18" status="run" time="0" classname="TestSuite2" />
    <testcase name="shouldPerformOperationFool19" status="run" time="0" classname="TestSuite2" />
    <testcase name="shouldPerformOperationFool20" status="run" time="0" classname="TestSuite2" />
    <testcase name="shouldPerformOperationFool21" status="run" time="0" classname="TestSuite2" />
    <testcase name="shouldPerformOperationFool22" status="run" time="0" classname="TestSuite2" />
  </testsuite>
  <testsuite name="TestSuite3" tests="3" failures="0" disabled="0" errors="0" time="0.005">
    <testcase name="shouldPerformOperationFool23" status="run" time="0.002" classname="TestSuite3" />
    <testcase name="shouldPerformOperationFool24" status="run" time="0.002" classname="TestSuite3" />
    <testcase name="shouldPerformOperationFool25" status="run" time="0.001" classname="TestSuite3" />
    <testcase name="shouldPerformOperationFool100" status="run" time="0.001" classname="TestSuite3" >
      <failure message="Value of: 3&#x0A;Expected: 1" type=""><![CDATA[/home/ldiaz/programming/TestXmlsJoiner/tests/TestXmlJoiner.cpp:49
Value of: 3
Expected: 1]]></failure>
    </testcase>
  </testsuite>
</testsuites>
